0 info it worked if it ends with ok
1 verbose cli [ '/usr/bin/nodejs', '/usr/bin/npm', 'install', '--save' ]
2 info using npm@1.4.21
3 info using node@v0.10.25
4 verbose readDependencies using package.json deps
5 verbose install where, deps [ '/home/augisticz/Github/bsrumapDev',
5 verbose install   [ 'hammerjs',
5 verbose install     'meteor-node-stubs',
5 verbose install     'react',
5 verbose install     'react-addons-pure-render-mixin',
5 verbose install     'react-dom',
5 verbose install     'react-mounter' ] ]
6 info preinstall bsrumap@
7 verbose readDependencies using package.json deps
8 verbose already installed skipping react@^0.15.0 /home/augisticz/Github/bsrumapDev
9 verbose already installed skipping react-addons-pure-render-mixin@^0.14.8 /home/augisticz/Github/bsrumapDev
10 verbose already installed skipping react-dom@^0.15.0 /home/augisticz/Github/bsrumapDev
11 verbose already installed skipping react-mounter@^1.1.0 /home/augisticz/Github/bsrumapDev
12 verbose already installed skipping hammerjs@^2.0.6 /home/augisticz/Github/bsrumapDev
13 verbose already installed skipping meteor-node-stubs@~0.2.0 /home/augisticz/Github/bsrumapDev
14 silly resolved []
15 info build /home/augisticz/Github/bsrumapDev
16 verbose linkStuff [ false, false, false, '/home/augisticz/Github' ]
17 info linkStuff bsrumap@
18 verbose linkBins bsrumap@
19 verbose linkMans bsrumap@
20 verbose rebuildBundles bsrumap@
21 verbose rebuildBundles [ 'hammerjs',
21 verbose rebuildBundles   'meteor-node-stubs',
21 verbose rebuildBundles   'react',
21 verbose rebuildBundles   'react-addons-pure-render-mixin',
21 verbose rebuildBundles   'react-dom',
21 verbose rebuildBundles   'react-mounter' ]
22 info install bsrumap@
23 info postinstall bsrumap@
24 info prepublish bsrumap@
25 error peerinvalid The package react does not satisfy its siblings' peerDependencies requirements!
25 error peerinvalid Peer react-addons-pure-render-mixin@0.14.8 wants react@^0.14.8
25 error peerinvalid Peer react-dom@0.15.0-alpha.1 wants react@^0.15.0-alpha.1
25 error peerinvalid Peer react-mounter@1.1.0 wants react@0.14.x
26 error System Linux 3.19.0-58-generic
27 error command "/usr/bin/nodejs" "/usr/bin/npm" "install" "--save"
28 error cwd /home/augisticz/Github/bsrumapDev
29 error node -v v0.10.25
30 error npm -v 1.4.21
31 error code EPEERINVALID
32 verbose exit [ 1, true ]
